<?xml version="1.0" encoding="UTF-8"?>
<coverage generated="1772137674298" clover="3.2.0">
  <project timestamp="1772137674298" name="All files">
    <metrics statements="8" coveredstatements="8" conditionals="4" coveredconditionals="3" methods="2" coveredmethods="2" elements="14" coveredelements="13" complexity="0" loc="8" ncloc="8" packages="1" files="1" classes="1"/>
    <file name="logic.js" path="C:\Users\ivanr\CLionProjects\Git\src\logic.js">
      <metrics statements="8" coveredstatements="8" conditionals="4" coveredconditionals="3" methods="2" coveredmethods="2"/>
      <line num="1" count="1" type="stmt"/>
      <line num="10" count="3" type="stmt"/>
      <line num="14" count="5" type="stmt"/>
      <line num="15" count="5" type="stmt"/>
      <line num="16" count="5" type="stmt"/>
      <line num="17" count="5" type="stmt"/>
      <line num="21" count="1" type="cond" truecount="3" falsecount="1"/>
      <line num="22" count="1" type="stmt"/>
    </file>
  </project>
</coverage>
