{"C:\\Users\\ivanr\\CLionProjects\\Git\\src\\logic.js": {"path":"C:\\Users\\ivanr\\CLionProjects\\Git\\src\\logic.js","statementMap":{"0":{"start":{"line":1,"column":22},"end":{"line":7,"column":1}},"1":{"start":{"line":10,"column":4},"end":{"line":10,"column":53}},"2":{"start":{"line":14,"column":24},"end":{"line":14,"column":48}},"3":{"start":{"line":15,"column":22},"end":{"line":15,"column":61}},"4":{"start":{"line":16,"column":27},"end":{"line":16,"column":57}},"5":{"start":{"line":17,"column":4},"end":{"line":17,"column":40}},"6":{"start":{"line":21,"column":0},"end":{"line":23,"column":null}},"7":{"start":{"line":22,"column":4},"end":{"line":22,"column":54}}},"fnMap":{"0":{"name":"midiToFreq","decl":{"start":{"line":9,"column":9},"end":{"line":9,"column":19}},"loc":{"start":{"line":9,"column":26},"end":{"line":11,"column":1}},"line":9},"1":{"name":"checkAnswerLogic","decl":{"start":{"line":13,"column":9},"end":{"line":13,"column":25}},"loc":{"start":{"line":13,"column":48},"end":{"line":18,"column":1}},"line":13}},"branchMap":{"0":{"loc":{"start":{"line":21,"column":0},"end":{"line":23,"column":null}},"type":"if","locations":[{"start":{"line":21,"column":0},"end":{"line":23,"column":null}},{"start":{},"end":{}}],"line":21},"1":{"loc":{"start":{"line":21,"column":4},"end":{"line":21,"column":51}},"type":"binary-expr","locations":[{"start":{"line":21,"column":4},"end":{"line":21,"column":33}},{"start":{"line":21,"column":37},"end":{"line":21,"column":51}}],"line":21}},"s":{"0":1,"1":3,"2":5,"3":5,"4":5,"5":5,"6":1,"7":1},"f":{"0":3,"1":5},"b":{"0":[1,0],"1":[1,1]},"meta":{"lastBranch":2,"lastFunction":2,"lastStatement":8,"seen":{"s:1:22:7:1":0,"f:9:9:9:19":0,"s:10:4:10:53":1,"f:13:9:13:25":1,"s:14:24:14:48":2,"s:15:22:15:61":3,"s:16:27:16:57":4,"s:17:4:17:40":5,"b:21:0:23:Infinity:undefined:undefined:undefined:undefined":0,"s:21:0:23:Infinity":6,"b:21:4:21:33:21:37:21:51":1,"s:22:4:22:54":7}}}
}
